<?xml version="1.0" encoding="UTF-8"?>
<!-- Generated by org.testng.reporters.JUnitReportReporter -->
<testsuite hostname="CompediaPavel" failures="0" tests="8" name="com.italam.tests.Tests_API_REST" time="23.576" errors="0" timestamp="17 Oct 2018 11:21:32 GMT" skipped="0">
  <testcase classname="com.italam.tests.Tests_API_REST" name="apiTest_getInitialDatan" time="2.785"/>
  <testcase classname="com.italam.tests.Tests_API_REST" name="apiTest_UpdateOrgAdmin" time="2.715"/>
  <testcase classname="com.italam.tests.Tests_API_REST" name="apiTest_getOrganizationProfile" time="2.432"/>
  <testcase classname="com.italam.tests.Tests_API_REST" name="apiTest_getOrgAdmin" time="2.750"/>
  <testcase classname="com.italam.tests.Tests_API_REST" name="apiTest_CreateOrganizationGetPassword" time="2.237"/>
  <testcase classname="com.italam.tests.Tests_API_REST" name="apiTestUpdateorganizationLicensing" time="3.973"/>
  <testcase classname="com.italam.tests.Tests_API_REST" name="apiTest_AllCases" time="4.248"/>
  <testcase classname="com.italam.tests.Tests_API_REST" name="apiTest_UpdateEmail" time="2.436"/>
</testsuite> <!-- com.italam.tests.Tests_API_REST -->
